<?xml version="1.0" encoding="UTF-8"?>
<coverage generated="1744033067633" clover="3.2.0">
  <project timestamp="1744033067633" name="All files">
    <metrics statements="185" coveredstatements="147" conditionals="58" coveredconditionals="35" methods="50" coveredmethods="37" elements="293" coveredelements="219" complexity="0" loc="185" ncloc="185" packages="3" files="7" classes="7"/>
    <package name="myport.client.src">
      <metrics statements="5" coveredstatements="5" conditionals="0" coveredconditionals="0" methods="1" coveredmethods="1"/>
      <file name="App.tsx" path="/Users/deepakpandey/myport/myport/client/src/App.tsx">
        <metrics statements="5" coveredstatements="5" conditionals="0" coveredconditionals="0" methods="1" coveredmethods="1"/>
        <line num="1" count="1" type="stmt"/>
        <line num="2" count="1" type="stmt"/>
        <line num="3" count="1" type="stmt"/>
        <line num="6" count="1" type="stmt"/>
        <line num="26" count="1" type="stmt"/>
      </file>
    </package>
    <package name="src.mocks">
      <metrics statements="7" coveredstatements="7" conditionals="0" coveredconditionals="0" methods="2" coveredmethods="2"/>
      <file name="handlers.ts" path="/Users/deepakpandey/myport/src/mocks/handlers.ts">
        <metrics statements="4" coveredstatements="4" conditionals="0" coveredconditionals="0" methods="2" coveredmethods="2"/>
        <line num="1" count="5" type="stmt"/>
        <line num="3" count="5" type="stmt"/>
        <line num="6" count="4" type="stmt"/>
        <line num="26" count="5" type="stmt"/>
      </file>
      <file name="server.ts" path="/Users/deepakpandey/myport/src/mocks/server.ts">
        <metrics statements="3" coveredstatements="3" conditionals="0" coveredconditionals="0" methods="0" coveredmethods="0"/>
        <line num="1" count="5" type="stmt"/>
        <line num="2" count="5" type="stmt"/>
        <line num="5" count="5" type="stmt"/>
      </file>
    </package>
    <package name="src.pages">
      <metrics statements="173" coveredstatements="135" conditionals="58" coveredconditionals="35" methods="47" coveredmethods="34"/>
      <file name="Blogs.tsx" path="/Users/deepakpandey/myport/src/pages/Blogs.tsx">
        <metrics statements="63" coveredstatements="45" conditionals="17" coveredconditionals="7" methods="19" coveredmethods="10"/>
        <line num="1" count="1" type="stmt"/>
        <line num="2" count="1" type="stmt"/>
        <line num="3" count="1" type="stmt"/>
        <line num="4" count="1" type="stmt"/>
        <line num="5" count="1" type="stmt"/>
        <line num="19" count="1" type="stmt"/>
        <line num="20" count="22" type="stmt"/>
        <line num="21" count="22" type="stmt"/>
        <line num="22" count="22" type="stmt"/>
        <line num="23" count="22" type="stmt"/>
        <line num="24" count="22" type="stmt"/>
        <line num="25" count="22" type="stmt"/>
        <line num="27" count="22" type="stmt"/>
        <line num="28" count="12" type="stmt"/>
        <line num="30" count="6" type="stmt"/>
        <line num="31" count="0" type="stmt"/>
        <line num="32" count="0" type="stmt"/>
        <line num="35" count="0" type="stmt"/>
        <line num="36" count="0" type="stmt"/>
        <line num="37" count="0" type="stmt"/>
        <line num="38" count="0" type="cond" truecount="0" falsecount="1"/>
        <line num="39" count="0" type="stmt"/>
        <line num="43" count="0" type="stmt"/>
        <line num="45" count="0" type="stmt"/>
        <line num="47" count="6" type="stmt"/>
        <line num="49" count="6" type="stmt"/>
        <line num="96" count="6" type="stmt"/>
        <line num="97" count="6" type="stmt"/>
        <line num="100" count="6" type="stmt"/>
        <line num="101" count="6" type="stmt"/>
        <line num="102" count="24" type="stmt"/>
        <line num="103" count="96" type="cond" truecount="1" falsecount="0"/>
        <line num="104" count="84" type="stmt"/>
        <line num="108" count="6" type="stmt"/>
        <line num="110" count="6" type="stmt"/>
        <line num="114" count="6" type="stmt"/>
        <line num="118" count="22" type="stmt"/>
        <line num="119" count="11" type="stmt"/>
        <line num="122" count="11" type="cond" truecount="0" falsecount="1"/>
        <line num="123" count="0" type="stmt"/>
        <line num="127" count="11" type="cond" truecount="0" falsecount="1"/>
        <line num="128" count="0" type="stmt"/>
        <line num="129" count="0" type="stmt"/>
        <line num="131" count="0" type="cond" truecount="0" falsecount="3"/>
        <line num="133" count="0" type="stmt"/>
        <line num="137" count="11" type="stmt"/>
        <line num="140" count="22" type="stmt"/>
        <line num="141" count="0" type="stmt"/>
        <line num="144" count="22" type="stmt"/>
        <line num="145" count="0" type="stmt"/>
        <line num="149" count="22" type="stmt"/>
        <line num="150" count="40" type="stmt"/>
        <line num="151" count="40" type="stmt"/>
        <line num="152" count="40" type="stmt"/>
        <line num="156" count="22" type="stmt"/>
        <line num="166" count="22" type="stmt"/>
        <line num="171" count="22" type="stmt"/>
        <line num="189" count="0" type="stmt"/>
        <line num="199" count="140" type="stmt"/>
        <line num="202" count="0" type="stmt"/>
        <line num="261" count="40" type="stmt"/>
        <line num="277" count="120" type="stmt"/>
        <line num="328" count="1" type="stmt"/>
      </file>
      <file name="Contact.tsx" path="/Users/deepakpandey/myport/src/pages/Contact.tsx">
        <metrics statements="26" coveredstatements="22" conditionals="6" coveredconditionals="5" methods="6" coveredmethods="5"/>
        <line num="1" count="1" type="stmt"/>
        <line num="2" count="1" type="stmt"/>
        <line num="3" count="1" type="stmt"/>
        <line num="4" count="1" type="stmt"/>
        <line num="6" count="1" type="stmt"/>
        <line num="7" count="396" type="stmt"/>
        <line num="14" count="396" type="stmt"/>
        <line num="15" count="396" type="stmt"/>
        <line num="16" count="396" type="stmt"/>
        <line num="18" count="396" type="stmt"/>
        <line num="19" count="382" type="stmt"/>
        <line num="20" count="382" type="stmt"/>
        <line num="26" count="396" type="stmt"/>
        <line num="27" count="4" type="stmt"/>
        <line num="30" count="4" type="stmt"/>
        <line num="31" count="4" type="stmt"/>
        <line num="34" count="8" type="stmt"/>
        <line num="36" count="0" type="stmt"/>
        <line num="37" count="0" type="stmt"/>
        <line num="45" count="0" type="stmt"/>
        <line num="46" count="0" type="stmt"/>
        <line num="50" count="4" type="stmt"/>
        <line num="51" count="4" type="stmt"/>
        <line num="53" count="4" type="stmt"/>
        <line num="57" count="396" type="stmt"/>
        <line num="289" count="1" type="stmt"/>
      </file>
      <file name="ProjectDetail.tsx" path="/Users/deepakpandey/myport/src/pages/ProjectDetail.tsx">
        <metrics statements="31" coveredstatements="25" conditionals="14" coveredconditionals="7" methods="6" coveredmethods="6"/>
        <line num="1" count="1" type="stmt"/>
        <line num="2" count="1" type="stmt"/>
        <line num="3" count="1" type="stmt"/>
        <line num="4" count="1" type="stmt"/>
        <line num="5" count="1" type="stmt"/>
        <line num="20" count="1" type="stmt"/>
        <line num="21" count="9" type="stmt"/>
        <line num="22" count="9" type="stmt"/>
        <line num="23" count="9" type="stmt"/>
        <line num="24" count="9" type="stmt"/>
        <line num="26" count="9" type="stmt"/>
        <line num="27" count="10" type="stmt"/>
        <line num="29" count="5" type="stmt"/>
        <line num="31" count="5" type="stmt"/>
        <line num="32" count="5" type="stmt"/>
        <line num="33" count="5" type="stmt"/>
        <line num="35" count="0" type="stmt"/>
        <line num="38" count="0" type="cond" truecount="0" falsecount="2"/>
        <line num="39" count="0" type="stmt"/>
        <line num="51" count="0" type="stmt"/>
        <line num="54" count="0" type="stmt"/>
        <line num="58" count="5" type="stmt"/>
        <line num="61" count="9" type="cond" truecount="1" falsecount="0"/>
        <line num="62" count="5" type="stmt"/>
        <line num="69" count="4" type="cond" truecount="2" falsecount="1"/>
        <line num="70" count="0" type="stmt"/>
        <line num="86" count="4" type="stmt"/>
        <line num="124" count="4" type="stmt"/>
        <line num="131" count="8" type="stmt"/>
        <line num="183" count="12" type="stmt"/>
        <line num="207" count="1" type="stmt"/>
      </file>
      <file name="Projects.tsx" path="/Users/deepakpandey/myport/src/pages/Projects.tsx">
        <metrics statements="53" coveredstatements="43" conditionals="21" coveredconditionals="16" methods="16" coveredmethods="13"/>
        <line num="1" count="1" type="stmt"/>
        <line num="2" count="1" type="stmt"/>
        <line num="3" count="1" type="stmt"/>
        <line num="4" count="1" type="stmt"/>
        <line num="5" count="1" type="stmt"/>
        <line num="20" count="1" type="stmt"/>
        <line num="21" count="18" type="stmt"/>
        <line num="22" count="18" type="stmt"/>
        <line num="23" count="18" type="stmt"/>
        <line num="24" count="18" type="stmt"/>
        <line num="25" count="18" type="stmt"/>
        <line num="26" count="18" type="stmt"/>
        <line num="28" count="18" type="stmt"/>
        <line num="29" count="8" type="stmt"/>
        <line num="31" count="4" type="stmt"/>
        <line num="32" count="4" type="stmt"/>
        <line num="33" count="4" type="stmt"/>
        <line num="36" count="4" type="stmt"/>
        <line num="37" count="4" type="stmt"/>
        <line num="39" count="4" type="stmt"/>
        <line num="41" count="4" type="stmt"/>
        <line num="43" count="0" type="stmt"/>
        <line num="45" count="0" type="stmt"/>
        <line num="93" count="0" type="stmt"/>
        <line num="94" count="0" type="stmt"/>
        <line num="97" count="0" type="stmt"/>
        <line num="98" count="0" type="stmt"/>
        <line num="100" count="0" type="stmt"/>
        <line num="102" count="0" type="stmt"/>
        <line num="106" count="4" type="stmt"/>
        <line num="110" count="18" type="stmt"/>
        <line num="111" count="12" type="stmt"/>
        <line num="114" count="12" type="cond" truecount="1" falsecount="0"/>
        <line num="115" count="1" type="stmt"/>
        <line num="119" count="12" type="cond" truecount="1" falsecount="0"/>
        <line num="120" count="4" type="stmt"/>
        <line num="121" count="4" type="stmt"/>
        <line num="123" count="4" type="cond" truecount="1" falsecount="2"/>
        <line num="125" count="0" type="stmt"/>
        <line num="129" count="12" type="stmt"/>
        <line num="132" count="18" type="stmt"/>
        <line num="133" count="1" type="stmt"/>
        <line num="136" count="18" type="stmt"/>
        <line num="137" count="4" type="stmt"/>
        <line num="141" count="18" type="stmt"/>
        <line num="151" count="18" type="stmt"/>
        <line num="156" count="18" type="stmt"/>
        <line num="175" count="0" type="stmt"/>
        <line num="185" count="10" type="stmt"/>
        <line num="188" count="1" type="stmt"/>
        <line num="250" count="10" type="stmt"/>
        <line num="279" count="20" type="stmt"/>
        <line num="331" count="1" type="stmt"/>
      </file>
    </package>
  </project>
</coverage>
