{"/Users/deepakpandey/myport/myport/client/src/App.tsx": {"path":"/Users/deepakpandey/myport/myport/client/src/App.tsx","statementMap":{"0":{"start":{"line":1,"column":0},"end":{"line":1,"column":26}},"1":{"start":{"line":2,"column":0},"end":{"line":2,"column":30}},"2":{"start":{"line":3,"column":0},"end":{"line":3,"column":19}},"3":{"start":{"line":6,"column":2},"end":{"line":23,"column":4}},"4":{"start":{"line":26,"column":0},"end":{"line":26,"column":19}}},"fnMap":{"0":{"name":"App","decl":{"start":{"line":5,"column":9},"end":{"line":5,"column":12}},"loc":{"start":{"line":5,"column":12},"end":{"line":24,"column":1}}}},"branchMap":{},"s":{"0":1,"1":1,"2":1,"3":1,"4":1},"f":{"0":1},"b":{}}
,"/Users/deepakpandey/myport/src/mocks/handlers.ts": {"path":"/Users/deepakpandey/myport/src/mocks/handlers.ts","statementMap":{"0":{"start":{"line":1,"column":0},"end":{"line":1,"column":27}},"1":{"start":{"line":3,"column":13},"end":{"line":43,"column":2}},"2":{"start":{"line":6,"column":4},"end":{"line":21,"column":6}},"3":{"start":{"line":26,"column":4},"end":{"line":39,"column":6}}},"fnMap":{"0":{"name":"(anonymous_0)","decl":{"start":{"line":5,"column":28},"end":{"line":5,"column":29}},"loc":{"start":{"line":5,"column":42},"end":{"line":22,"column":3}}},"1":{"name":"(anonymous_1)","decl":{"start":{"line":25,"column":32},"end":{"line":25,"column":33}},"loc":{"start":{"line":25,"column":46},"end":{"line":40,"column":3}}}},"branchMap":{},"s":{"0":5,"1":5,"2":4,"3":5},"f":{"0":4,"1":5},"b":{}}
,"/Users/deepakpandey/myport/src/mocks/server.ts": {"path":"/Users/deepakpandey/myport/src/mocks/server.ts","statementMap":{"0":{"start":{"line":1,"column":0},"end":{"line":1,"column":39}},"1":{"start":{"line":2,"column":0},"end":{"line":2,"column":38}},"2":{"start":{"line":5,"column":13},"end":{"line":5,"column":47}}},"fnMap":{},"branchMap":{},"s":{"0":5,"1":5,"2":5},"f":{},"b":{}}
,"/Users/deepakpandey/myport/src/pages/Blogs.tsx": {"path":"/Users/deepakpandey/myport/src/pages/Blogs.tsx","statementMap":{"0":{"start":{"line":1,"column":0},"end":{"line":1,"column":51}},"1":{"start":{"line":2,"column":0},"end":{"line":2,"column":40}},"2":{"start":{"line":3,"column":0},"end":{"line":3,"column":26}},"3":{"start":{"line":4,"column":0},"end":{"line":4,"column":39}},"4":{"start":{"line":5,"column":0},"end":{"line":5,"column":70}},"5":{"start":{"line":19,"column":24},"end":{"line":326,"column":1}},"6":{"start":{"line":20,"column":28},"end":{"line":20,"column":48}},"7":{"start":{"line":20,"column":14},"end":{"line":20,"column":16}},"8":{"start":{"line":20,"column":24},"end":{"line":20,"column":28}},"9":{"start":{"line":21,"column":44},"end":{"line":21,"column":64}},"10":{"start":{"line":21,"column":22},"end":{"line":21,"column":24}},"11":{"start":{"line":21,"column":40},"end":{"line":21,"column":44}},"12":{"start":{"line":22,"column":26},"end":{"line":22,"column":48}},"13":{"start":{"line":22,"column":13},"end":{"line":22,"column":15}},"14":{"start":{"line":22,"column":22},"end":{"line":22,"column":26}},"15":{"start":{"line":23,"column":40},"end":{"line":23,"column":63}},"16":{"start":{"line":23,"column":20},"end":{"line":23,"column":22}},"17":{"start":{"line":23,"column":36},"end":{"line":23,"column":40}},"18":{"start":{"line":24,"column":32},"end":{"line":24,"column":55}},"19":{"start":{"line":24,"column":16},"end":{"line":24,"column":18}},"20":{"start":{"line":24,"column":28},"end":{"line":24,"column":32}},"21":{"start":{"line":25,"column":40},"end":{"line":25,"column":60}},"22":{"start":{"line":25,"column":20},"end":{"line":25,"column":22}},"23":{"start":{"line":25,"column":36},"end":{"line":25,"column":40}},"24":{"start":{"line":27,"column":2},"end":{"line":115,"column":9}},"25":{"start":{"line":28,"column":23},"end":{"line":112,"column":6}},"26":{"start":{"line":30,"column":20},"end":{"line":30,"column":null}},"27":{"start":{"line":30,"column":14},"end":{"line":30,"column":null}},"28":{"start":{"line":31,"column":8},"end":{"line":31,"column":32}},"29":{"start":{"line":32,"column":8},"end":{"line":32,"column":40}},"30":{"start":{"line":35,"column":14},"end":{"line":35,"column":37}},"31":{"start":{"line":36,"column":8},"end":{"line":42,"column":11}},"32":{"start":{"line":37,"column":10},"end":{"line":41,"column":13}},"33":{"start":{"line":38,"column":12},"end":{"line":40,"column":13}},"34":{"start":{"line":39,"column":14},"end":{"line":39,"column":32}},"35":{"start":{"line":43,"column":8},"end":{"line":43,"column":25}},"36":{"start":{"line":45,"column":8},"end":{"line":45,"column":26}},"37":{"start":{"line":47,"column":8},"end":{"line":47,"column":54}},"38":{"start":{"line":49,"column":14},"end":{"line":94,"column":10}},"39":{"start":{"line":96,"column":8},"end":{"line":96,"column":31}},"40":{"start":{"line":97,"column":8},"end":{"line":97,"column":39}},"41":{"start":{"line":100,"column":14},"end":{"line":100,"column":37}},"42":{"start":{"line":101,"column":8},"end":{"line":107,"column":11}},"43":{"start":{"line":102,"column":10},"end":{"line":106,"column":13}},"44":{"start":{"line":103,"column":12},"end":{"line":105,"column":13}},"45":{"start":{"line":104,"column":14},"end":{"line":104,"column":32}},"46":{"start":{"line":108,"column":8},"end":{"line":108,"column":25}},"47":{"start":{"line":110,"column":8},"end":{"line":110,"column":26}},"48":{"start":{"line":114,"column":4},"end":{"line":114,"column":17}},"49":{"start":{"line":118,"column":2},"end":{"line":138,"column":40}},"50":{"start":{"line":119,"column":16},"end":{"line":119,"column":29}},"51":{"start":{"line":122,"column":4},"end":{"line":124,"column":5}},"52":{"start":{"line":123,"column":6},"end":{"line":123,"column":74}},"53":{"start":{"line":123,"column":41},"end":{"line":123,"column":73}},"54":{"start":{"line":127,"column":4},"end":{"line":135,"column":5}},"55":{"start":{"line":128,"column":20},"end":{"line":128,"column":45}},"56":{"start":{"line":129,"column":6},"end":{"line":134,"column":8}},"57":{"start":{"line":131,"column":10},"end":{"line":133,"column":null}},"58":{"start":{"line":133,"column":32},"end":{"line":133,"column":66}},"59":{"start":{"line":137,"column":4},"end":{"line":137,"column":31}},"60":{"start":{"line":140,"column":26},"end":{"line":142,"column":3}},"61":{"start":{"line":141,"column":4},"end":{"line":141,"column":24}},"62":{"start":{"line":144,"column":29},"end":{"line":146,"column":3}},"63":{"start":{"line":145,"column":4},"end":{"line":145,"column":35}},"64":{"start":{"line":149,"column":25},"end":{"line":153,"column":3}},"65":{"start":{"line":150,"column":27},"end":{"line":150,"column":30}},"66":{"start":{"line":151,"column":18},"end":{"line":151,"column":45}},"67":{"start":{"line":152,"column":4},"end":{"line":152,"column":58}},"68":{"start":{"line":156,"column":28},"end":{"line":164,"column":4}},"69":{"start":{"line":166,"column":23},"end":{"line":169,"column":4}},"70":{"start":{"line":171,"column":2},"end":{"line":325,"column":4}},"71":{"start":{"line":189,"column":33},"end":{"line":189,"column":null}},"72":{"start":{"line":199,"column":33},"end":{"line":211,"column":18}},"73":{"start":{"line":202,"column":35},"end":{"line":202,"column":null}},"74":{"start":{"line":261,"column":41},"end":{"line":319,"column":16}},"75":{"start":{"line":277,"column":56},"end":{"line":284,"column":24}},"76":{"start":{"line":328,"column":0},"end":{"line":328,"column":21}}},"fnMap":{"0":{"name":"(anonymous_24)","decl":{"start":{"line":19,"column":24},"end":{"line":19,"column":null}},"loc":{"start":{"line":19,"column":24},"end":{"line":326,"column":1}}},"1":{"name":"(anonymous_25)","decl":{"start":{"line":27,"column":12},"end":{"line":27,"column":null}},"loc":{"start":{"line":27,"column":12},"end":{"line":115,"column":3}}},"2":{"name":"(anonymous_26)","decl":{"start":{"line":28,"column":23},"end":{"line":28,"column":null}},"loc":{"start":{"line":28,"column":23},"end":{"line":112,"column":6}}},"3":{"name":"(anonymous_29)","decl":{"start":{"line":36,"column":30},"end":{"line":36,"column":31}},"loc":{"start":{"line":36,"column":41},"end":{"line":42,"column":9}}},"4":{"name":"(anonymous_30)","decl":{"start":{"line":37,"column":28},"end":{"line":37,"column":31}},"loc":{"start":{"line":37,"column":31},"end":{"line":41,"column":11}}},"5":{"name":"(anonymous_31)","decl":{"start":{"line":101,"column":29},"end":{"line":101,"column":33}},"loc":{"start":{"line":101,"column":33},"end":{"line":107,"column":9}}},"6":{"name":"(anonymous_32)","decl":{"start":{"line":102,"column":28},"end":{"line":102,"column":31}},"loc":{"start":{"line":102,"column":31},"end":{"line":106,"column":11}}},"7":{"name":"(anonymous_33)","decl":{"start":{"line":118,"column":12},"end":{"line":118,"column":null}},"loc":{"start":{"line":118,"column":12},"end":{"line":138,"column":3}}},"8":{"name":"(anonymous_34)","decl":{"start":{"line":123,"column":33},"end":{"line":123,"column":37}},"loc":{"start":{"line":123,"column":37},"end":{"line":123,"column":45}}},"9":{"name":"(anonymous_35)","decl":{"start":{"line":130,"column":8},"end":{"line":130,"column":12}},"loc":{"start":{"line":130,"column":12},"end":{"line":131,"column":14}}},"10":{"name":"(anonymous_36)","decl":{"start":{"line":133,"column":25},"end":{"line":133,"column":28}},"loc":{"start":{"line":133,"column":28},"end":{"line":133,"column":35}}},"11":{"name":"(anonymous_37)","decl":{"start":{"line":140,"column":26},"end":{"line":140,"column":27}},"loc":{"start":{"line":140,"column":38},"end":{"line":142,"column":3}}},"12":{"name":"(anonymous_38)","decl":{"start":{"line":144,"column":29},"end":{"line":144,"column":30}},"loc":{"start":{"line":144,"column":68},"end":{"line":146,"column":3}}},"13":{"name":"(anonymous_39)","decl":{"start":{"line":149,"column":25},"end":{"line":149,"column":26}},"loc":{"start":{"line":149,"column":41},"end":{"line":153,"column":3}}},"14":{"name":"(anonymous_40)","decl":{"start":{"line":189,"column":27},"end":{"line":189,"column":33}},"loc":{"start":{"line":189,"column":27},"end":{"line":189,"column":48}}},"15":{"name":"(anonymous_41)","decl":{"start":{"line":199,"column":26},"end":{"line":199,"column":29}},"loc":{"start":{"line":199,"column":29},"end":{"line":199,"column":null}}},"16":{"name":"(anonymous_42)","decl":{"start":{"line":202,"column":29},"end":{"line":202,"column":35}},"loc":{"start":{"line":202,"column":29},"end":{"line":202,"column":50}}},"17":{"name":"(anonymous_43)","decl":{"start":{"line":261,"column":33},"end":{"line":261,"column":37}},"loc":{"start":{"line":261,"column":37},"end":{"line":261,"column":null}}},"18":{"name":"(anonymous_44)","decl":{"start":{"line":277,"column":49},"end":{"line":277,"column":52}},"loc":{"start":{"line":277,"column":52},"end":{"line":277,"column":null}}}},"branchMap":{"0":{"loc":{"start":{"line":38,"column":12},"end":{"line":40,"column":13}},"type":"if","locations":[{"start":{"line":38,"column":12},"end":{"line":40,"column":13}}]},"1":{"loc":{"start":{"line":103,"column":12},"end":{"line":105,"column":13}},"type":"if","locations":[{"start":{"line":103,"column":12},"end":{"line":105,"column":13}}]},"2":{"loc":{"start":{"line":122,"column":4},"end":{"line":124,"column":5}},"type":"if","locations":[{"start":{"line":122,"column":4},"end":{"line":124,"column":5}}]},"3":{"loc":{"start":{"line":127,"column":4},"end":{"line":135,"column":5}},"type":"if","locations":[{"start":{"line":127,"column":4},"end":{"line":135,"column":5}}]},"4":{"loc":{"start":{"line":131,"column":10},"end":{"line":133,"column":66}},"type":"binary-expr","locations":[{"start":{"line":131,"column":10},"end":{"line":131,"column":50}},{"start":{"line":132,"column":10},"end":{"line":132,"column":52}},{"start":{"line":133,"column":10},"end":{"line":133,"column":66}}]},"5":{"loc":{"start":{"line":191,"column":20},"end":{"line":193,"column":55}},"type":"cond-expr","locations":[{"start":{"line":192,"column":24},"end":{"line":192,"column":47}},{"start":{"line":193,"column":24},"end":{"line":193,"column":55}}]},"6":{"loc":{"start":{"line":204,"column":22},"end":{"line":206,"column":57}},"type":"cond-expr","locations":[{"start":{"line":205,"column":26},"end":{"line":205,"column":49}},{"start":{"line":206,"column":26},"end":{"line":206,"column":57}}]},"7":{"loc":{"start":{"line":243,"column":11},"end":{"line":320,"column":null}},"type":"cond-expr","locations":[{"start":{"line":244,"column":12},"end":{"line":245,"column":null}},{"start":{"line":247,"column":14},"end":{"line":320,"column":null}}]},"8":{"loc":{"start":{"line":247,"column":14},"end":{"line":320,"column":null}},"type":"cond-expr","locations":[{"start":{"line":248,"column":12},"end":{"line":252,"column":null}},{"start":{"line":255,"column":12},"end":{"line":319,"column":null}}]},"9":{"loc":{"start":{"line":269,"column":27},"end":{"line":269,"column":96}},"type":"binary-expr","locations":[{"start":{"line":269,"column":27},"end":{"line":269,"column":40}},{"start":{"line":269,"column":44},"end":{"line":269,"column":96}}]}},"s":{"0":1,"1":1,"2":1,"3":1,"4":1,"5":1,"6":22,"7":22,"8":22,"9":22,"10":22,"11":22,"12":22,"13":22,"14":22,"15":22,"16":22,"17":22,"18":22,"19":22,"20":22,"21":22,"22":22,"23":22,"24":22,"25":12,"26":6,"27":6,"28":0,"29":0,"30":0,"31":0,"32":0,"33":0,"34":0,"35":0,"36":0,"37":6,"38":6,"39":6,"40":6,"41":6,"42":6,"43":24,"44":96,"45":84,"46":6,"47":6,"48":6,"49":22,"50":11,"51":11,"52":0,"53":0,"54":11,"55":0,"56":0,"57":0,"58":0,"59":11,"60":22,"61":0,"62":22,"63":0,"64":22,"65":40,"66":40,"67":40,"68":22,"69":22,"70":22,"71":0,"72":140,"73":0,"74":40,"75":120,"76":1},"f":{"0":22,"1":6,"2":12,"3":0,"4":0,"5":24,"6":96,"7":11,"8":0,"9":0,"10":0,"11":0,"12":0,"13":40,"14":0,"15":140,"16":0,"17":40,"18":120},"b":{"0":[0],"1":[84],"2":[0],"3":[0],"4":[0,0,0],"5":[22,0],"6":[0,140],"7":[12,10],"8":[0,10],"9":[40,0]}}
,"/Users/deepakpandey/myport/src/pages/Contact.tsx": {"path":"/Users/deepakpandey/myport/src/pages/Contact.tsx","statementMap":{"0":{"start":{"line":1,"column":0},"end":{"line":1,"column":40}},"1":{"start":{"line":2,"column":0},"end":{"line":2,"column":39}},"2":{"start":{"line":3,"column":0},"end":{"line":3,"column":117}},"3":{"start":{"line":4,"column":0},"end":{"line":4,"column":26}},"4":{"start":{"line":6,"column":26},"end":{"line":287,"column":1}},"5":{"start":{"line":7,"column":34},"end":{"line":12,"column":4}},"6":{"start":{"line":7,"column":17},"end":{"line":7,"column":19}},"7":{"start":{"line":7,"column":30},"end":{"line":7,"column":34}},"8":{"start":{"line":14,"column":32},"end":{"line":14,"column":47}},"9":{"start":{"line":14,"column":16},"end":{"line":14,"column":18}},"10":{"start":{"line":14,"column":28},"end":{"line":14,"column":32}},"11":{"start":{"line":15,"column":32},"end":{"line":15,"column":47}},"12":{"start":{"line":15,"column":16},"end":{"line":15,"column":18}},"13":{"start":{"line":15,"column":28},"end":{"line":15,"column":32}},"14":{"start":{"line":16,"column":28},"end":{"line":16,"column":57}},"15":{"start":{"line":16,"column":14},"end":{"line":16,"column":16}},"16":{"start":{"line":16,"column":24},"end":{"line":16,"column":28}},"17":{"start":{"line":18,"column":23},"end":{"line":24,"column":3}},"18":{"start":{"line":19,"column":28},"end":{"line":19,"column":36}},"19":{"start":{"line":19,"column":16},"end":{"line":19,"column":18}},"20":{"start":{"line":19,"column":23},"end":{"line":19,"column":28}},"21":{"start":{"line":20,"column":4},"end":{"line":23,"column":8}},"22":{"start":{"line":20,"column":24},"end":{"line":23,"column":7}},"23":{"start":{"line":26,"column":23},"end":{"line":55,"column":4}},"24":{"start":{"line":26,"column":48},"end":{"line":55,"column":4}},"25":{"start":{"line":27,"column":4},"end":{"line":27,"column":23}},"26":{"start":{"line":30,"column":6},"end":{"line":30,"column":23}},"27":{"start":{"line":31,"column":6},"end":{"line":31,"column":21}},"28":{"start":{"line":34,"column":6},"end":{"line":34,"column":49}},"29":{"start":{"line":36,"column":6},"end":{"line":36,"column":23}},"30":{"start":{"line":37,"column":6},"end":{"line":42,"column":9}},"31":{"start":{"line":45,"column":6},"end":{"line":47,"column":15}},"32":{"start":{"line":46,"column":8},"end":{"line":46,"column":26}},"33":{"start":{"line":50,"column":6},"end":{"line":50,"column":51}},"34":{"start":{"line":51,"column":6},"end":{"line":51,"column":71}},"35":{"start":{"line":53,"column":6},"end":{"line":53,"column":24}},"36":{"start":{"line":57,"column":2},"end":{"line":286,"column":4}},"37":{"start":{"line":289,"column":0},"end":{"line":289,"column":23}}},"fnMap":{"0":{"name":"(anonymous_25)","decl":{"start":{"line":6,"column":26},"end":{"line":6,"column":null}},"loc":{"start":{"line":6,"column":26},"end":{"line":287,"column":1}}},"1":{"name":"(anonymous_26)","decl":{"start":{"line":18,"column":23},"end":{"line":18,"column":24}},"loc":{"start":{"line":18,"column":84},"end":{"line":24,"column":3}}},"2":{"name":"(anonymous_27)","decl":{"start":{"line":20,"column":16},"end":{"line":20,"column":20}},"loc":{"start":{"line":20,"column":20},"end":{"line":20,"column":null}}},"3":{"name":"(anonymous_28)","decl":{"start":{"line":26,"column":23},"end":{"line":26,"column":30}},"loc":{"start":{"line":26,"column":48},"end":{"line":55,"column":4}}},"4":{"name":"(anonymous_29)","decl":{"start":{"line":26,"column":48},"end":{"line":26,"column":null}},"loc":{"start":{"line":26,"column":48},"end":{"line":55,"column":4}}},"5":{"name":"(anonymous_31)","decl":{"start":{"line":45,"column":17},"end":{"line":45,"column":null}},"loc":{"start":{"line":45,"column":17},"end":{"line":47,"column":7}}}},"branchMap":{"0":{"loc":{"start":{"line":166,"column":17},"end":{"line":175,"column":24}},"type":"cond-expr","locations":[{"start":{"line":167,"column":18},"end":{"line":173,"column":null}},{"start":{"line":175,"column":20},"end":{"line":175,"column":24}}]},"1":{"loc":{"start":{"line":177,"column":17},"end":{"line":182,"column":24}},"type":"cond-expr","locations":[{"start":{"line":178,"column":18},"end":{"line":180,"column":null}},{"start":{"line":182,"column":20},"end":{"line":182,"column":24}}]},"2":{"loc":{"start":{"line":256,"column":21},"end":{"line":262,"column":null}},"type":"cond-expr","locations":[{"start":{"line":257,"column":22},"end":{"line":258,"column":null}},{"start":{"line":262,"column":22},"end":{"line":262,"column":36}}]}},"s":{"0":1,"1":1,"2":1,"3":1,"4":1,"5":396,"6":396,"7":396,"8":396,"9":396,"10":396,"11":396,"12":396,"13":396,"14":396,"15":396,"16":396,"17":396,"18":382,"19":382,"20":382,"21":382,"22":382,"23":396,"24":4,"25":4,"26":4,"27":4,"28":8,"29":0,"30":0,"31":0,"32":0,"33":4,"34":4,"35":4,"36":396,"37":1},"f":{"0":396,"1":382,"2":382,"3":4,"4":4,"5":0},"b":{"0":[0,396],"1":[3,393],"2":[4,392]}}
,"/Users/deepakpandey/myport/src/pages/ProjectDetail.tsx": {"path":"/Users/deepakpandey/myport/src/pages/ProjectDetail.tsx","statementMap":{"0":{"start":{"line":1,"column":0},"end":{"line":1,"column":51}},"1":{"start":{"line":2,"column":0},"end":{"line":2,"column":51}},"2":{"start":{"line":3,"column":0},"end":{"line":3,"column":26}},"3":{"start":{"line":4,"column":0},"end":{"line":4,"column":39}},"4":{"start":{"line":5,"column":0},"end":{"line":5,"column":96}},"5":{"start":{"line":20,"column":32},"end":{"line":205,"column":1}},"6":{"start":{"line":21,"column":17},"end":{"line":21,"column":45}},"7":{"start":{"line":22,"column":32},"end":{"line":22,"column":62}},"8":{"start":{"line":22,"column":16},"end":{"line":22,"column":18}},"9":{"start":{"line":22,"column":28},"end":{"line":22,"column":32}},"10":{"start":{"line":23,"column":32},"end":{"line":23,"column":55}},"11":{"start":{"line":23,"column":16},"end":{"line":23,"column":18}},"12":{"start":{"line":23,"column":28},"end":{"line":23,"column":32}},"13":{"start":{"line":24,"column":28},"end":{"line":24,"column":57}},"14":{"start":{"line":24,"column":14},"end":{"line":24,"column":16}},"15":{"start":{"line":24,"column":24},"end":{"line":24,"column":28}},"16":{"start":{"line":26,"column":2},"end":{"line":59,"column":11}},"17":{"start":{"line":27,"column":25},"end":{"line":56,"column":6}},"18":{"start":{"line":29,"column":8},"end":{"line":29,"column":25}},"19":{"start":{"line":31,"column":20},"end":{"line":31,"column":null}},"20":{"start":{"line":31,"column":14},"end":{"line":31,"column":null}},"21":{"start":{"line":32,"column":8},"end":{"line":32,"column":34}},"22":{"start":{"line":33,"column":8},"end":{"line":33,"column":26}},"23":{"start":{"line":35,"column":8},"end":{"line":35,"column":54}},"24":{"start":{"line":38,"column":8},"end":{"line":52,"column":9}},"25":{"start":{"line":39,"column":10},"end":{"line":49,"column":13}},"26":{"start":{"line":51,"column":10},"end":{"line":51,"column":40}},"27":{"start":{"line":54,"column":8},"end":{"line":54,"column":26}},"28":{"start":{"line":58,"column":4},"end":{"line":58,"column":19}},"29":{"start":{"line":61,"column":2},"end":{"line":67,"column":3}},"30":{"start":{"line":62,"column":4},"end":{"line":66,"column":6}},"31":{"start":{"line":69,"column":2},"end":{"line":84,"column":3}},"32":{"start":{"line":70,"column":4},"end":{"line":83,"column":6}},"33":{"start":{"line":86,"column":2},"end":{"line":204,"column":4}},"34":{"start":{"line":124,"column":77},"end":{"line":128,"column":18}},"35":{"start":{"line":131,"column":52},"end":{"line":138,"column":20}},"36":{"start":{"line":183,"column":49},"end":{"line":189,"column":16}},"37":{"start":{"line":207,"column":0},"end":{"line":207,"column":29}}},"fnMap":{"0":{"name":"(anonymous_23)","decl":{"start":{"line":20,"column":32},"end":{"line":20,"column":null}},"loc":{"start":{"line":20,"column":32},"end":{"line":205,"column":1}}},"1":{"name":"(anonymous_24)","decl":{"start":{"line":26,"column":12},"end":{"line":26,"column":null}},"loc":{"start":{"line":26,"column":12},"end":{"line":59,"column":3}}},"2":{"name":"(anonymous_25)","decl":{"start":{"line":27,"column":25},"end":{"line":27,"column":null}},"loc":{"start":{"line":27,"column":25},"end":{"line":56,"column":6}}},"3":{"name":"(anonymous_28)","decl":{"start":{"line":124,"column":55},"end":{"line":124,"column":56}},"loc":{"start":{"line":124,"column":72},"end":{"line":124,"column":null}}},"4":{"name":"(anonymous_29)","decl":{"start":{"line":131,"column":44},"end":{"line":131,"column":48}},"loc":{"start":{"line":131,"column":48},"end":{"line":131,"column":null}}},"5":{"name":"(anonymous_30)","decl":{"start":{"line":183,"column":39},"end":{"line":183,"column":40}},"loc":{"start":{"line":183,"column":44},"end":{"line":183,"column":null}}}},"branchMap":{"0":{"loc":{"start":{"line":38,"column":8},"end":{"line":52,"column":9}},"type":"if","locations":[{"start":{"line":38,"column":8},"end":{"line":52,"column":9}},{"start":{"line":50,"column":15},"end":{"line":52,"column":9}}]},"1":{"loc":{"start":{"line":61,"column":2},"end":{"line":67,"column":3}},"type":"if","locations":[{"start":{"line":61,"column":2},"end":{"line":67,"column":3}}]},"2":{"loc":{"start":{"line":69,"column":2},"end":{"line":84,"column":3}},"type":"if","locations":[{"start":{"line":69,"column":2},"end":{"line":84,"column":3}}]},"3":{"loc":{"start":{"line":69,"column":6},"end":{"line":69,"column":23}},"type":"binary-expr","locations":[{"start":{"line":69,"column":6},"end":{"line":69,"column":11}},{"start":{"line":69,"column":15},"end":{"line":69,"column":23}}]},"4":{"loc":{"start":{"line":74,"column":39},"end":{"line":74,"column":67}},"type":"binary-expr","locations":[{"start":{"line":74,"column":39},"end":{"line":74,"column":44}},{"start":{"line":74,"column":48},"end":{"line":74,"column":67}}]},"5":{"loc":{"start":{"line":142,"column":19},"end":{"line":150,"column":null}},"type":"binary-expr","locations":[{"start":{"line":142,"column":19},"end":{"line":142,"column":36}},{"start":{"line":143,"column":20},"end":{"line":149,"column":null}}]},"6":{"loc":{"start":{"line":153,"column":19},"end":{"line":161,"column":null}},"type":"binary-expr","locations":[{"start":{"line":153,"column":19},"end":{"line":153,"column":34}},{"start":{"line":154,"column":20},"end":{"line":160,"column":null}}]},"7":{"loc":{"start":{"line":169,"column":25},"end":{"line":169,"column":101}},"type":"binary-expr","locations":[{"start":{"line":169,"column":25},"end":{"line":169,"column":41}},{"start":{"line":169,"column":45},"end":{"line":169,"column":101}}]}},"s":{"0":1,"1":1,"2":1,"3":1,"4":1,"5":1,"6":9,"7":9,"8":9,"9":9,"10":9,"11":9,"12":9,"13":9,"14":9,"15":9,"16":9,"17":10,"18":5,"19":5,"20":5,"21":5,"22":5,"23":0,"24":0,"25":0,"26":0,"27":0,"28":5,"29":9,"30":5,"31":4,"32":0,"33":4,"34":4,"35":8,"36":12,"37":1},"f":{"0":9,"1":5,"2":10,"3":4,"4":8,"5":12},"b":{"0":[0,0],"1":[5],"2":[0],"3":[4,4],"4":[0,0],"5":[4,0],"6":[4,0],"7":[4,4]}}
,"/Users/deepakpandey/myport/src/pages/Projects.tsx": {"path":"/Users/deepakpandey/myport/src/pages/Projects.tsx","statementMap":{"0":{"start":{"line":1,"column":0},"end":{"line":1,"column":51}},"1":{"start":{"line":2,"column":0},"end":{"line":2,"column":40}},"2":{"start":{"line":3,"column":0},"end":{"line":3,"column":26}},"3":{"start":{"line":4,"column":0},"end":{"line":4,"column":39}},"4":{"start":{"line":5,"column":0},"end":{"line":5,"column":75}},"5":{"start":{"line":20,"column":27},"end":{"line":329,"column":1}},"6":{"start":{"line":21,"column":34},"end":{"line":21,"column":57}},"7":{"start":{"line":21,"column":17},"end":{"line":21,"column":19}},"8":{"start":{"line":21,"column":30},"end":{"line":21,"column":34}},"9":{"start":{"line":22,"column":50},"end":{"line":22,"column":73}},"10":{"start":{"line":22,"column":25},"end":{"line":22,"column":27}},"11":{"start":{"line":22,"column":46},"end":{"line":22,"column":50}},"12":{"start":{"line":23,"column":38},"end":{"line":23,"column":60}},"13":{"start":{"line":23,"column":19},"end":{"line":23,"column":21}},"14":{"start":{"line":23,"column":34},"end":{"line":23,"column":38}},"15":{"start":{"line":24,"column":50},"end":{"line":24,"column":73}},"16":{"start":{"line":24,"column":25},"end":{"line":24,"column":27}},"17":{"start":{"line":24,"column":46},"end":{"line":24,"column":50}},"18":{"start":{"line":25,"column":32},"end":{"line":25,"column":55}},"19":{"start":{"line":25,"column":16},"end":{"line":25,"column":18}},"20":{"start":{"line":25,"column":28},"end":{"line":25,"column":32}},"21":{"start":{"line":26,"column":40},"end":{"line":26,"column":60}},"22":{"start":{"line":26,"column":20},"end":{"line":26,"column":22}},"23":{"start":{"line":26,"column":36},"end":{"line":26,"column":40}},"24":{"start":{"line":28,"column":2},"end":{"line":107,"column":9}},"25":{"start":{"line":29,"column":26},"end":{"line":104,"column":6}},"26":{"start":{"line":31,"column":20},"end":{"line":31,"column":null}},"27":{"start":{"line":31,"column":14},"end":{"line":31,"column":null}},"28":{"start":{"line":32,"column":8},"end":{"line":32,"column":35}},"29":{"start":{"line":33,"column":8},"end":{"line":33,"column":43}},"30":{"start":{"line":36,"column":14},"end":{"line":38,"column":10}},"31":{"start":{"line":37,"column":58},"end":{"line":37,"column":75}},"32":{"start":{"line":39,"column":8},"end":{"line":39,"column":52}},"33":{"start":{"line":41,"column":8},"end":{"line":41,"column":26}},"34":{"start":{"line":43,"column":8},"end":{"line":43,"column":57}},"35":{"start":{"line":45,"column":14},"end":{"line":91,"column":10}},"36":{"start":{"line":93,"column":8},"end":{"line":93,"column":34}},"37":{"start":{"line":94,"column":8},"end":{"line":94,"column":42}},"38":{"start":{"line":97,"column":14},"end":{"line":99,"column":10}},"39":{"start":{"line":98,"column":46},"end":{"line":98,"column":63}},"40":{"start":{"line":100,"column":8},"end":{"line":100,"column":52}},"41":{"start":{"line":102,"column":8},"end":{"line":102,"column":26}},"42":{"start":{"line":106,"column":4},"end":{"line":106,"column":20}},"43":{"start":{"line":110,"column":2},"end":{"line":130,"column":48}},"44":{"start":{"line":111,"column":16},"end":{"line":111,"column":32}},"45":{"start":{"line":114,"column":4},"end":{"line":116,"column":5}},"46":{"start":{"line":115,"column":6},"end":{"line":115,"column":83}},"47":{"start":{"line":115,"column":44},"end":{"line":115,"column":82}},"48":{"start":{"line":119,"column":4},"end":{"line":127,"column":5}},"49":{"start":{"line":120,"column":20},"end":{"line":120,"column":45}},"50":{"start":{"line":121,"column":6},"end":{"line":126,"column":8}},"51":{"start":{"line":123,"column":10},"end":{"line":125,"column":null}},"52":{"start":{"line":125,"column":44},"end":{"line":125,"column":79}},"53":{"start":{"line":129,"column":4},"end":{"line":129,"column":34}},"54":{"start":{"line":132,"column":31},"end":{"line":134,"column":3}},"55":{"start":{"line":133,"column":4},"end":{"line":133,"column":34}},"56":{"start":{"line":136,"column":29},"end":{"line":138,"column":3}},"57":{"start":{"line":137,"column":4},"end":{"line":137,"column":35}},"58":{"start":{"line":141,"column":28},"end":{"line":149,"column":4}},"59":{"start":{"line":151,"column":23},"end":{"line":154,"column":4}},"60":{"start":{"line":156,"column":2},"end":{"line":328,"column":4}},"61":{"start":{"line":175,"column":33},"end":{"line":175,"column":null}},"62":{"start":{"line":185,"column":44},"end":{"line":197,"column":18}},"63":{"start":{"line":188,"column":35},"end":{"line":188,"column":null}},"64":{"start":{"line":250,"column":47},"end":{"line":322,"column":16}},"65":{"start":{"line":279,"column":56},"end":{"line":286,"column":24}},"66":{"start":{"line":331,"column":0},"end":{"line":331,"column":24}}},"fnMap":{"0":{"name":"(anonymous_24)","decl":{"start":{"line":20,"column":27},"end":{"line":20,"column":null}},"loc":{"start":{"line":20,"column":27},"end":{"line":329,"column":1}}},"1":{"name":"(anonymous_25)","decl":{"start":{"line":28,"column":12},"end":{"line":28,"column":null}},"loc":{"start":{"line":28,"column":12},"end":{"line":107,"column":3}}},"2":{"name":"(anonymous_26)","decl":{"start":{"line":29,"column":26},"end":{"line":29,"column":null}},"loc":{"start":{"line":29,"column":26},"end":{"line":104,"column":6}}},"3":{"name":"(anonymous_29)","decl":{"start":{"line":37,"column":36},"end":{"line":37,"column":37}},"loc":{"start":{"line":37,"column":53},"end":{"line":37,"column":65}}},"4":{"name":"(anonymous_30)","decl":{"start":{"line":98,"column":35},"end":{"line":98,"column":42}},"loc":{"start":{"line":98,"column":42},"end":{"line":98,"column":53}}},"5":{"name":"(anonymous_31)","decl":{"start":{"line":110,"column":12},"end":{"line":110,"column":null}},"loc":{"start":{"line":110,"column":12},"end":{"line":130,"column":3}}},"6":{"name":"(anonymous_32)","decl":{"start":{"line":115,"column":33},"end":{"line":115,"column":40}},"loc":{"start":{"line":115,"column":40},"end":{"line":115,"column":51}}},"7":{"name":"(anonymous_33)","decl":{"start":{"line":122,"column":8},"end":{"line":122,"column":15}},"loc":{"start":{"line":122,"column":15},"end":{"line":123,"column":17}}},"8":{"name":"(anonymous_34)","decl":{"start":{"line":125,"column":36},"end":{"line":125,"column":40}},"loc":{"start":{"line":125,"column":40},"end":{"line":125,"column":48}}},"9":{"name":"(anonymous_35)","decl":{"start":{"line":132,"column":31},"end":{"line":132,"column":32}},"loc":{"start":{"line":132,"column":48},"end":{"line":134,"column":3}}},"10":{"name":"(anonymous_36)","decl":{"start":{"line":136,"column":29},"end":{"line":136,"column":30}},"loc":{"start":{"line":136,"column":68},"end":{"line":138,"column":3}}},"11":{"name":"(anonymous_37)","decl":{"start":{"line":175,"column":27},"end":{"line":175,"column":33}},"loc":{"start":{"line":175,"column":27},"end":{"line":175,"column":53}}},"12":{"name":"(anonymous_38)","decl":{"start":{"line":185,"column":32},"end":{"line":185,"column":40}},"loc":{"start":{"line":185,"column":40},"end":{"line":185,"column":null}}},"13":{"name":"(anonymous_39)","decl":{"start":{"line":188,"column":29},"end":{"line":188,"column":35}},"loc":{"start":{"line":188,"column":29},"end":{"line":188,"column":55}}},"14":{"name":"(anonymous_40)","decl":{"start":{"line":250,"column":36},"end":{"line":250,"column":43}},"loc":{"start":{"line":250,"column":43},"end":{"line":250,"column":null}}},"15":{"name":"(anonymous_41)","decl":{"start":{"line":279,"column":48},"end":{"line":279,"column":52}},"loc":{"start":{"line":279,"column":52},"end":{"line":279,"column":null}}}},"branchMap":{"0":{"loc":{"start":{"line":114,"column":4},"end":{"line":116,"column":5}},"type":"if","locations":[{"start":{"line":114,"column":4},"end":{"line":116,"column":5}}]},"1":{"loc":{"start":{"line":119,"column":4},"end":{"line":127,"column":5}},"type":"if","locations":[{"start":{"line":119,"column":4},"end":{"line":127,"column":5}}]},"2":{"loc":{"start":{"line":123,"column":10},"end":{"line":125,"column":79}},"type":"binary-expr","locations":[{"start":{"line":123,"column":10},"end":{"line":123,"column":53}},{"start":{"line":124,"column":10},"end":{"line":124,"column":59}},{"start":{"line":125,"column":10},"end":{"line":125,"column":79}}]},"3":{"loc":{"start":{"line":177,"column":20},"end":{"line":179,"column":55}},"type":"cond-expr","locations":[{"start":{"line":178,"column":24},"end":{"line":178,"column":47}},{"start":{"line":179,"column":24},"end":{"line":179,"column":55}}]},"4":{"loc":{"start":{"line":190,"column":22},"end":{"line":192,"column":57}},"type":"cond-expr","locations":[{"start":{"line":191,"column":26},"end":{"line":191,"column":49}},{"start":{"line":192,"column":26},"end":{"line":192,"column":57}}]},"5":{"loc":{"start":{"line":229,"column":11},"end":{"line":323,"column":null}},"type":"cond-expr","locations":[{"start":{"line":230,"column":12},"end":{"line":234,"column":null}},{"start":{"line":236,"column":14},"end":{"line":323,"column":null}}]},"6":{"loc":{"start":{"line":236,"column":14},"end":{"line":323,"column":null}},"type":"cond-expr","locations":[{"start":{"line":237,"column":12},"end":{"line":241,"column":null}},{"start":{"line":244,"column":12},"end":{"line":322,"column":null}}]},"7":{"loc":{"start":{"line":258,"column":27},"end":{"line":258,"column":103}},"type":"binary-expr","locations":[{"start":{"line":258,"column":27},"end":{"line":258,"column":43}},{"start":{"line":258,"column":47},"end":{"line":258,"column":103}}]},"8":{"loc":{"start":{"line":267,"column":23},"end":{"line":270,"column":null}},"type":"binary-expr","locations":[{"start":{"line":267,"column":23},"end":{"line":267,"column":39}},{"start":{"line":268,"column":24},"end":{"line":268,"column":null}}]},"9":{"loc":{"start":{"line":298,"column":25},"end":{"line":306,"column":null}},"type":"binary-expr","locations":[{"start":{"line":298,"column":25},"end":{"line":298,"column":42}},{"start":{"line":299,"column":26},"end":{"line":305,"column":null}}]},"10":{"loc":{"start":{"line":308,"column":25},"end":{"line":316,"column":null}},"type":"binary-expr","locations":[{"start":{"line":308,"column":25},"end":{"line":308,"column":40}},{"start":{"line":309,"column":26},"end":{"line":315,"column":null}}]}},"s":{"0":1,"1":1,"2":1,"3":1,"4":1,"5":1,"6":18,"7":18,"8":18,"9":18,"10":18,"11":18,"12":18,"13":18,"14":18,"15":18,"16":18,"17":18,"18":18,"19":18,"20":18,"21":18,"22":18,"23":18,"24":18,"25":8,"26":4,"27":4,"28":4,"29":4,"30":4,"31":4,"32":4,"33":4,"34":0,"35":0,"36":0,"37":0,"38":0,"39":0,"40":0,"41":0,"42":4,"43":18,"44":12,"45":12,"46":1,"47":1,"48":12,"49":4,"50":4,"51":4,"52":0,"53":12,"54":18,"55":1,"56":18,"57":4,"58":18,"59":18,"60":18,"61":0,"62":10,"63":1,"64":10,"65":20,"66":1},"f":{"0":18,"1":4,"2":8,"3":4,"4":0,"5":12,"6":1,"7":4,"8":0,"9":1,"10":4,"11":0,"12":10,"13":1,"14":10,"15":20},"b":{"0":[1],"1":[4],"2":[4,0,0],"3":[16,2],"4":[2,8],"5":[8,10],"6":[0,10],"7":[10,10],"8":[10,10],"9":[10,0],"10":[10,0]}}
}
