TN:
SF:myport/client/src/App.tsx
FN:5,App
FNF:1
FNH:1
FNDA:1,App
DA:1,1
DA:2,1
DA:3,1
DA:6,1
DA:26,1
LF:5
LH:5
BRF:0
BRH:0
end_of_record
TN:
SF:src/mocks/handlers.ts
FN:5,(anonymous_0)
FN:25,(anonymous_1)
FNF:2
FNH:2
FNDA:4,(anonymous_0)
FNDA:5,(anonymous_1)
DA:1,5
DA:3,5
DA:6,4
DA:26,5
LF:4
LH:4
BRF:0
BRH:0
end_of_record
TN:
SF:src/mocks/server.ts
FNF:0
FNH:0
DA:1,5
DA:2,5
DA:5,5
LF:3
LH:3
BRF:0
BRH:0
end_of_record
TN:
SF:src/pages/Blogs.tsx
FN:19,(anonymous_24)
FN:27,(anonymous_25)
FN:28,(anonymous_26)
FN:36,(anonymous_29)
FN:37,(anonymous_30)
FN:101,(anonymous_31)
FN:102,(anonymous_32)
FN:118,(anonymous_33)
FN:123,(anonymous_34)
FN:130,(anonymous_35)
FN:133,(anonymous_36)
FN:140,(anonymous_37)
FN:144,(anonymous_38)
FN:149,(anonymous_39)
FN:189,(anonymous_40)
FN:199,(anonymous_41)
FN:202,(anonymous_42)
FN:261,(anonymous_43)
FN:277,(anonymous_44)
FNF:19
FNH:10
FNDA:22,(anonymous_24)
FNDA:6,(anonymous_25)
FNDA:12,(anonymous_26)
FNDA:0,(anonymous_29)
FNDA:0,(anonymous_30)
FNDA:24,(anonymous_31)
FNDA:96,(anonymous_32)
FNDA:11,(anonymous_33)
FNDA:0,(anonymous_34)
FNDA:0,(anonymous_35)
FNDA:0,(anonymous_36)
FNDA:0,(anonymous_37)
FNDA:0,(anonymous_38)
FNDA:40,(anonymous_39)
FNDA:0,(anonymous_40)
FNDA:140,(anonymous_41)
FNDA:0,(anonymous_42)
FNDA:40,(anonymous_43)
FNDA:120,(anonymous_44)
DA:1,1
DA:2,1
DA:3,1
DA:4,1
DA:5,1
DA:19,1
DA:20,22
DA:21,22
DA:22,22
DA:23,22
DA:24,22
DA:25,22
DA:27,22
DA:28,12
DA:30,6
DA:31,0
DA:32,0
DA:35,0
DA:36,0
DA:37,0
DA:38,0
DA:39,0
DA:43,0
DA:45,0
DA:47,6
DA:49,6
DA:96,6
DA:97,6
DA:100,6
DA:101,6
DA:102,24
DA:103,96
DA:104,84
DA:108,6
DA:110,6
DA:114,6
DA:118,22
DA:119,11
DA:122,11
DA:123,0
DA:127,11
DA:128,0
DA:129,0
DA:131,0
DA:133,0
DA:137,11
DA:140,22
DA:141,0
DA:144,22
DA:145,0
DA:149,22
DA:150,40
DA:151,40
DA:152,40
DA:156,22
DA:166,22
DA:171,22
DA:189,0
DA:199,140
DA:202,0
DA:261,40
DA:277,120
DA:328,1
LF:63
LH:45
BRDA:38,0,0,0
BRDA:103,1,0,84
BRDA:122,2,0,0
BRDA:127,3,0,0
BRDA:131,4,0,0
BRDA:131,4,1,0
BRDA:131,4,2,0
BRDA:191,5,0,22
BRDA:191,5,1,0
BRDA:204,6,0,0
BRDA:204,6,1,140
BRDA:243,7,0,12
BRDA:243,7,1,10
BRDA:247,8,0,0
BRDA:247,8,1,10
BRDA:269,9,0,40
BRDA:269,9,1,0
BRF:17
BRH:7
end_of_record
TN:
SF:src/pages/Contact.tsx
FN:6,(anonymous_25)
FN:18,(anonymous_26)
FN:20,(anonymous_27)
FN:26,(anonymous_28)
FN:26,(anonymous_29)
FN:45,(anonymous_31)
FNF:6
FNH:5
FNDA:396,(anonymous_25)
FNDA:382,(anonymous_26)
FNDA:382,(anonymous_27)
FNDA:4,(anonymous_28)
FNDA:4,(anonymous_29)
FNDA:0,(anonymous_31)
DA:1,1
DA:2,1
DA:3,1
DA:4,1
DA:6,1
DA:7,396
DA:14,396
DA:15,396
DA:16,396
DA:18,396
DA:19,382
DA:20,382
DA:26,396
DA:27,4
DA:30,4
DA:31,4
DA:34,8
DA:36,0
DA:37,0
DA:45,0
DA:46,0
DA:50,4
DA:51,4
DA:53,4
DA:57,396
DA:289,1
LF:26
LH:22
BRDA:166,0,0,0
BRDA:166,0,1,396
BRDA:177,1,0,3
BRDA:177,1,1,393
BRDA:256,2,0,4
BRDA:256,2,1,392
BRF:6
BRH:5
end_of_record
TN:
SF:src/pages/ProjectDetail.tsx
FN:20,(anonymous_23)
FN:26,(anonymous_24)
FN:27,(anonymous_25)
FN:124,(anonymous_28)
FN:131,(anonymous_29)
FN:183,(anonymous_30)
FNF:6
FNH:6
FNDA:9,(anonymous_23)
FNDA:5,(anonymous_24)
FNDA:10,(anonymous_25)
FNDA:4,(anonymous_28)
FNDA:8,(anonymous_29)
FNDA:12,(anonymous_30)
DA:1,1
DA:2,1
DA:3,1
DA:4,1
DA:5,1
DA:20,1
DA:21,9
DA:22,9
DA:23,9
DA:24,9
DA:26,9
DA:27,10
DA:29,5
DA:31,5
DA:32,5
DA:33,5
DA:35,0
DA:38,0
DA:39,0
DA:51,0
DA:54,0
DA:58,5
DA:61,9
DA:62,5
DA:69,4
DA:70,0
DA:86,4
DA:124,4
DA:131,8
DA:183,12
DA:207,1
LF:31
LH:25
BRDA:38,0,0,0
BRDA:38,0,1,0
BRDA:61,1,0,5
BRDA:69,2,0,0
BRDA:69,3,0,4
BRDA:69,3,1,4
BRDA:74,4,0,0
BRDA:74,4,1,0
BRDA:142,5,0,4
BRDA:142,5,1,0
BRDA:153,6,0,4
BRDA:153,6,1,0
BRDA:169,7,0,4
BRDA:169,7,1,4
BRF:14
BRH:7
end_of_record
TN:
SF:src/pages/Projects.tsx
FN:20,(anonymous_24)
FN:28,(anonymous_25)
FN:29,(anonymous_26)
FN:37,(anonymous_29)
FN:98,(anonymous_30)
FN:110,(anonymous_31)
FN:115,(anonymous_32)
FN:122,(anonymous_33)
FN:125,(anonymous_34)
FN:132,(anonymous_35)
FN:136,(anonymous_36)
FN:175,(anonymous_37)
FN:185,(anonymous_38)
FN:188,(anonymous_39)
FN:250,(anonymous_40)
FN:279,(anonymous_41)
FNF:16
FNH:13
FNDA:18,(anonymous_24)
FNDA:4,(anonymous_25)
FNDA:8,(anonymous_26)
FNDA:4,(anonymous_29)
FNDA:0,(anonymous_30)
FNDA:12,(anonymous_31)
FNDA:1,(anonymous_32)
FNDA:4,(anonymous_33)
FNDA:0,(anonymous_34)
FNDA:1,(anonymous_35)
FNDA:4,(anonymous_36)
FNDA:0,(anonymous_37)
FNDA:10,(anonymous_38)
FNDA:1,(anonymous_39)
FNDA:10,(anonymous_40)
FNDA:20,(anonymous_41)
DA:1,1
DA:2,1
DA:3,1
DA:4,1
DA:5,1
DA:20,1
DA:21,18
DA:22,18
DA:23,18
DA:24,18
DA:25,18
DA:26,18
DA:28,18
DA:29,8
DA:31,4
DA:32,4
DA:33,4
DA:36,4
DA:37,4
DA:39,4
DA:41,4
DA:43,0
DA:45,0
DA:93,0
DA:94,0
DA:97,0
DA:98,0
DA:100,0
DA:102,0
DA:106,4
DA:110,18
DA:111,12
DA:114,12
DA:115,1
DA:119,12
DA:120,4
DA:121,4
DA:123,4
DA:125,0
DA:129,12
DA:132,18
DA:133,1
DA:136,18
DA:137,4
DA:141,18
DA:151,18
DA:156,18
DA:175,0
DA:185,10
DA:188,1
DA:250,10
DA:279,20
DA:331,1
LF:53
LH:43
BRDA:114,0,0,1
BRDA:119,1,0,4
BRDA:123,2,0,4
BRDA:123,2,1,0
BRDA:123,2,2,0
BRDA:177,3,0,16
BRDA:177,3,1,2
BRDA:190,4,0,2
BRDA:190,4,1,8
BRDA:229,5,0,8
BRDA:229,5,1,10
BRDA:236,6,0,0
BRDA:236,6,1,10
BRDA:258,7,0,10
BRDA:258,7,1,10
BRDA:267,8,0,10
BRDA:267,8,1,10
BRDA:298,9,0,10
BRDA:298,9,1,0
BRDA:308,10,0,10
BRDA:308,10,1,0
BRF:21
BRH:16
end_of_record
